
Start-Date: 2021-08-27  07:17:08
Commandline: apt-get install --reinstall adduser
Reinstall: adduser:amd64 (3.118ubuntu2)
End-Date: 2021-08-27  07:17:10

Start-Date: 2021-08-27  07:17:14
Commandline: apt-get install --reinstall apt
Reinstall: apt:amd64 (2.0.2)
End-Date: 2021-08-27  07:17:17

Start-Date: 2021-08-27  07:17:21
Commandline: apt-get install --reinstall base-files
Reinstall: base-files:amd64 (11ubuntu5)
End-Date: 2021-08-27  07:17:23

Start-Date: 2021-08-27  07:17:28
Commandline: apt-get install --reinstall base-passwd
Reinstall: base-passwd:amd64 (3.5.47)
End-Date: 2021-08-27  07:17:30

Start-Date: 2021-08-27  07:17:34
Commandline: apt-get install --reinstall bash
Reinstall: bash:amd64 (5.0-6ubuntu1)
End-Date: 2021-08-27  07:17:36

Start-Date: 2021-08-27  07:17:41
Commandline: apt-get install --reinstall bsdutils
Reinstall: bsdutils:amd64 (1:2.34-0.1ubuntu9)
End-Date: 2021-08-27  07:17:43

Start-Date: 2021-08-27  07:17:47
Commandline: apt-get install --reinstall bzip2
Reinstall: bzip2:amd64 (1.0.8-2)
End-Date: 2021-08-27  07:17:49

Start-Date: 2021-08-27  07:17:53
Commandline: apt-get install --reinstall coreutils
Reinstall: coreutils:amd64 (8.30-3ubuntu2)
End-Date: 2021-08-27  07:17:56

Start-Date: 2021-08-27  07:18:00
Commandline: apt-get install --reinstall dash
Reinstall: dash:amd64 (0.5.10.2-6)
End-Date: 2021-08-27  07:18:02

Start-Date: 2021-08-27  07:18:06
Commandline: apt-get install --reinstall debconf
Reinstall: debconf:amd64 (1.5.73)
End-Date: 2021-08-27  07:18:09

Start-Date: 2021-08-27  07:18:13
Commandline: apt-get install --reinstall debianutils
Reinstall: debianutils:amd64 (4.9.1)
End-Date: 2021-08-27  07:18:15

Start-Date: 2021-08-27  07:18:20
Commandline: apt-get install --reinstall diffutils
Reinstall: diffutils:amd64 (1:3.7-3)
End-Date: 2021-08-27  07:18:22

Start-Date: 2021-08-27  07:18:26
Commandline: apt-get install --reinstall dpkg
Reinstall: dpkg:amd64 (1.19.7ubuntu3)
End-Date: 2021-08-27  07:18:28

Start-Date: 2021-08-27  07:18:32
Commandline: apt-get install --reinstall e2fsprogs
Reinstall: e2fsprogs:amd64 (1.45.5-2ubuntu1)
End-Date: 2021-08-27  07:18:34

Start-Date: 2021-08-27  07:18:39
Commandline: apt-get install --reinstall fdisk
Reinstall: fdisk:amd64 (2.34-0.1ubuntu9)
End-Date: 2021-08-27  07:18:40

Start-Date: 2021-08-27  07:18:45
Commandline: apt-get install --reinstall findutils
Reinstall: findutils:amd64 (4.7.0-1ubuntu1)
End-Date: 2021-08-27  07:18:48

Start-Date: 2021-08-27  07:18:52
Commandline: apt-get install --reinstall gcc-10-base:amd64
Reinstall: gcc-10-base:amd64 (10-20200411-0ubuntu1)
End-Date: 2021-08-27  07:18:54

Start-Date: 2021-08-27  07:18:58
Commandline: apt-get install --reinstall gpgv
Reinstall: gpgv:amd64 (2.2.19-3ubuntu2)
End-Date: 2021-08-27  07:19:00

Start-Date: 2021-08-27  07:19:05
Commandline: apt-get install --reinstall grep
Reinstall: grep:amd64 (3.4-1)
End-Date: 2021-08-27  07:19:07

Start-Date: 2021-08-27  07:19:11
Commandline: apt-get install --reinstall gzip
Reinstall: gzip:amd64 (1.10-0ubuntu4)
End-Date: 2021-08-27  07:19:13

Start-Date: 2021-08-27  07:19:17
Commandline: apt-get install --reinstall hostname
Reinstall: hostname:amd64 (3.23)
End-Date: 2021-08-27  07:19:20

Start-Date: 2021-08-27  07:19:24
Commandline: apt-get install --reinstall init-system-helpers
Reinstall: init-system-helpers:amd64 (1.57)
End-Date: 2021-08-27  07:19:26

Start-Date: 2021-08-27  07:19:30
Commandline: apt-get install --reinstall libacl1:amd64
Reinstall: libacl1:amd64 (2.2.53-6)
End-Date: 2021-08-27  07:19:32

Start-Date: 2021-08-27  07:19:37
Commandline: apt-get install --reinstall libapt-pkg6.0:amd64
Reinstall: libapt-pkg6.0:amd64 (2.0.2)
End-Date: 2021-08-27  07:19:39

Start-Date: 2021-08-27  07:19:43
Commandline: apt-get install --reinstall libattr1:amd64
Reinstall: libattr1:amd64 (1:2.4.48-5)
End-Date: 2021-08-27  07:19:45

Start-Date: 2021-08-27  07:19:49
Commandline: apt-get install --reinstall libaudit-common
Reinstall: libaudit-common:amd64 (1:2.8.5-2ubuntu6)
End-Date: 2021-08-27  07:19:52

Start-Date: 2021-08-27  07:19:56
Commandline: apt-get install --reinstall libaudit1:amd64
Reinstall: libaudit1:amd64 (1:2.8.5-2ubuntu6)
End-Date: 2021-08-27  07:19:58

Start-Date: 2021-08-27  07:20:03
Commandline: apt-get install --reinstall libblkid1:amd64
Reinstall: libblkid1:amd64 (2.34-0.1ubuntu9)
End-Date: 2021-08-27  07:20:05

Start-Date: 2021-08-27  07:20:09
Commandline: apt-get install --reinstall libbz2-1.0:amd64
Reinstall: libbz2-1.0:amd64 (1.0.8-2)
End-Date: 2021-08-27  07:20:11

Start-Date: 2021-08-27  07:20:15
Commandline: apt-get install --reinstall libc-bin
Reinstall: libc-bin:amd64 (2.31-0ubuntu9)
End-Date: 2021-08-27  07:20:17

Start-Date: 2021-08-27  07:20:22
Commandline: apt-get install --reinstall libc6:amd64
Reinstall: libc6:amd64 (2.31-0ubuntu9)
End-Date: 2021-08-27  07:20:25

Start-Date: 2021-08-27  07:20:30
Commandline: apt-get install --reinstall libcap-ng0:amd64
Reinstall: libcap-ng0:amd64 (0.7.9-2.1build1)
End-Date: 2021-08-27  07:20:32

Start-Date: 2021-08-27  07:20:36
Commandline: apt-get install --reinstall libcom-err2:amd64
Reinstall: libcom-err2:amd64 (1.45.5-2ubuntu1)
End-Date: 2021-08-27  07:20:38

Start-Date: 2021-08-27  07:20:42
Commandline: apt-get install --reinstall libcrypt1:amd64
Reinstall: libcrypt1:amd64 (1:4.4.10-10ubuntu4)
End-Date: 2021-08-27  07:20:44

Start-Date: 2021-08-27  07:20:49
Commandline: apt-get install --reinstall libdb5.3:amd64
Reinstall: libdb5.3:amd64 (5.3.28+dfsg1-0.6ubuntu2)
End-Date: 2021-08-27  07:20:51

Start-Date: 2021-08-27  07:20:55
Commandline: apt-get install --reinstall libdebconfclient0:amd64
Reinstall: libdebconfclient0:amd64 (0.251ubuntu1)
End-Date: 2021-08-27  07:20:57

Start-Date: 2021-08-27  07:21:01
Commandline: apt-get install --reinstall libext2fs2:amd64
Reinstall: libext2fs2:amd64 (1.45.5-2ubuntu1)
End-Date: 2021-08-27  07:21:03

Start-Date: 2021-08-27  07:21:07
Commandline: apt-get install --reinstall libfdisk1:amd64
Reinstall: libfdisk1:amd64 (2.34-0.1ubuntu9)
End-Date: 2021-08-27  07:21:09

Start-Date: 2021-08-27  07:21:13
Commandline: apt-get install --reinstall libffi7:amd64
Reinstall: libffi7:amd64 (3.3-4)
End-Date: 2021-08-27  07:21:15

Start-Date: 2021-08-27  07:21:19
Commandline: apt-get install --reinstall libgcc-s1:amd64
Reinstall: libgcc-s1:amd64 (10-20200411-0ubuntu1)
End-Date: 2021-08-27  07:21:21

Start-Date: 2021-08-27  07:21:26
Commandline: apt-get install --reinstall libgcrypt20:amd64
Reinstall: libgcrypt20:amd64 (1.8.5-5ubuntu1)
End-Date: 2021-08-27  07:21:28

Start-Date: 2021-08-27  07:21:32
Commandline: apt-get install --reinstall libgmp10:amd64
Reinstall: libgmp10:amd64 (2:6.2.0+dfsg-4)
End-Date: 2021-08-27  07:21:34

Start-Date: 2021-08-27  07:21:39
Commandline: apt-get install --reinstall libgnutls30:amd64
Reinstall: libgnutls30:amd64 (3.6.13-2ubuntu1)
End-Date: 2021-08-27  07:21:41

Start-Date: 2021-08-27  07:21:45
Commandline: apt-get install --reinstall libgpg-error0:amd64
Reinstall: libgpg-error0:amd64 (1.37-1)
End-Date: 2021-08-27  07:21:47

Start-Date: 2021-08-27  07:21:52
Commandline: apt-get install --reinstall libhogweed5:amd64
Reinstall: libhogweed5:amd64 (3.5.1+really3.5.1-2)
End-Date: 2021-08-27  07:21:54

Start-Date: 2021-08-27  07:21:58
Commandline: apt-get install --reinstall libidn2-0:amd64
Reinstall: libidn2-0:amd64 (2.2.0-2)
End-Date: 2021-08-27  07:22:00

Start-Date: 2021-08-27  07:22:05
Commandline: apt-get install --reinstall liblz4-1:amd64
Reinstall: liblz4-1:amd64 (1.9.2-2)
End-Date: 2021-08-27  07:22:07

Start-Date: 2021-08-27  07:22:11
Commandline: apt-get install --reinstall liblzma5:amd64
Reinstall: liblzma5:amd64 (5.2.4-1)
End-Date: 2021-08-27  07:22:14

Start-Date: 2021-08-27  07:22:18
Commandline: apt-get install --reinstall libmount1:amd64
Reinstall: libmount1:amd64 (2.34-0.1ubuntu9)
End-Date: 2021-08-27  07:22:20

Start-Date: 2021-08-27  07:22:24
Commandline: apt-get install --reinstall libncurses6:amd64
Reinstall: libncurses6:amd64 (6.2-0ubuntu2)
End-Date: 2021-08-27  07:22:26

Start-Date: 2021-08-27  07:22:30
Commandline: apt-get install --reinstall libncursesw6:amd64
Reinstall: libncursesw6:amd64 (6.2-0ubuntu2)
End-Date: 2021-08-27  07:22:32

Start-Date: 2021-08-27  07:22:36
Commandline: apt-get install --reinstall libnettle7:amd64
Reinstall: libnettle7:amd64 (3.5.1+really3.5.1-2)
End-Date: 2021-08-27  07:22:38

Start-Date: 2021-08-27  07:22:43
Commandline: apt-get install --reinstall libp11-kit0:amd64
Reinstall: libp11-kit0:amd64 (0.23.20-1build1)
End-Date: 2021-08-27  07:22:45

Start-Date: 2021-08-27  07:22:49
Commandline: apt-get install --reinstall libpam-modules:amd64
Reinstall: libpam-modules:amd64 (1.3.1-5ubuntu4)
End-Date: 2021-08-27  07:22:51

Start-Date: 2021-08-27  07:22:56
Commandline: apt-get install --reinstall libpam-modules-bin
Reinstall: libpam-modules-bin:amd64 (1.3.1-5ubuntu4)
End-Date: 2021-08-27  07:22:58

Start-Date: 2021-08-27  07:23:02
Commandline: apt-get install --reinstall libpam-runtime
Reinstall: libpam-runtime:amd64 (1.3.1-5ubuntu4)
End-Date: 2021-08-27  07:23:04

Start-Date: 2021-08-27  07:23:09
Commandline: apt-get install --reinstall libpam0g:amd64
Reinstall: libpam0g:amd64 (1.3.1-5ubuntu4)
End-Date: 2021-08-27  07:23:11

Start-Date: 2021-08-27  07:23:15
Commandline: apt-get install --reinstall libpcre2-8-0:amd64
Reinstall: libpcre2-8-0:amd64 (10.34-7)
End-Date: 2021-08-27  07:23:17

Start-Date: 2021-08-27  07:23:22
Commandline: apt-get install --reinstall libpcre3:amd64
Reinstall: libpcre3:amd64 (2:8.39-12build1)
End-Date: 2021-08-27  07:23:24

Start-Date: 2021-08-27  07:23:28
Commandline: apt-get install --reinstall libprocps8:amd64
Reinstall: libprocps8:amd64 (2:3.3.16-1ubuntu2)
End-Date: 2021-08-27  07:23:30

Start-Date: 2021-08-27  07:23:34
Commandline: apt-get install --reinstall libseccomp2:amd64
Reinstall: libseccomp2:amd64 (2.4.3-1ubuntu1)
End-Date: 2021-08-27  07:23:36

Start-Date: 2021-08-27  07:23:40
Commandline: apt-get install --reinstall libselinux1:amd64
Reinstall: libselinux1:amd64 (3.0-1build2)
End-Date: 2021-08-27  07:23:42

Start-Date: 2021-08-27  07:23:47
Commandline: apt-get install --reinstall libsemanage-common
Reinstall: libsemanage-common:amd64 (3.0-1build2)
End-Date: 2021-08-27  07:23:49

Start-Date: 2021-08-27  07:23:53
Commandline: apt-get install --reinstall libsemanage1:amd64
Reinstall: libsemanage1:amd64 (3.0-1build2)
End-Date: 2021-08-27  07:23:55

Start-Date: 2021-08-27  07:24:00
Commandline: apt-get install --reinstall libsepol1:amd64
Reinstall: libsepol1:amd64 (3.0-1)
End-Date: 2021-08-27  07:24:02

Start-Date: 2021-08-27  07:24:06
Commandline: apt-get install --reinstall libsmartcols1:amd64
Reinstall: libsmartcols1:amd64 (2.34-0.1ubuntu9)
End-Date: 2021-08-27  07:24:08

Start-Date: 2021-08-27  07:24:12
Commandline: apt-get install --reinstall libss2:amd64
Reinstall: libss2:amd64 (1.45.5-2ubuntu1)
End-Date: 2021-08-27  07:24:14

Start-Date: 2021-08-27  07:24:18
Commandline: apt-get install --reinstall libstdc++6:amd64
Reinstall: libstdc++6:amd64 (10-20200411-0ubuntu1)
End-Date: 2021-08-27  07:24:20

Start-Date: 2021-08-27  07:24:25
Commandline: apt-get install --reinstall libsystemd0:amd64
Reinstall: libsystemd0:amd64 (245.4-4ubuntu3)
End-Date: 2021-08-27  07:24:27

Start-Date: 2021-08-27  07:24:31
Commandline: apt-get install --reinstall libtasn1-6:amd64
Reinstall: libtasn1-6:amd64 (4.16.0-2)
End-Date: 2021-08-27  07:24:33

Start-Date: 2021-08-27  07:24:38
Commandline: apt-get install --reinstall libtinfo6:amd64
Reinstall: libtinfo6:amd64 (6.2-0ubuntu2)
End-Date: 2021-08-27  07:24:40

Start-Date: 2021-08-27  07:24:44
Commandline: apt-get install --reinstall libudev1:amd64
Reinstall: libudev1:amd64 (245.4-4ubuntu3)
End-Date: 2021-08-27  07:24:46

Start-Date: 2021-08-27  07:24:50
Commandline: apt-get install --reinstall libunistring2:amd64
Reinstall: libunistring2:amd64 (0.9.10-2)
End-Date: 2021-08-27  07:24:52

Start-Date: 2021-08-27  07:24:57
Commandline: apt-get install --reinstall libuuid1:amd64
Reinstall: libuuid1:amd64 (2.34-0.1ubuntu9)
End-Date: 2021-08-27  07:24:59

Start-Date: 2021-08-27  07:25:03
Commandline: apt-get install --reinstall libzstd1:amd64
Reinstall: libzstd1:amd64 (1.4.4+dfsg-3)
End-Date: 2021-08-27  07:25:05

Start-Date: 2021-08-27  07:25:09
Commandline: apt-get install --reinstall login
Reinstall: login:amd64 (1:4.8.1-1ubuntu5)
End-Date: 2021-08-27  07:25:12

Start-Date: 2021-08-27  07:25:16
Commandline: apt-get install --reinstall logsave
Reinstall: logsave:amd64 (1.45.5-2ubuntu1)
End-Date: 2021-08-27  07:25:17

Start-Date: 2021-08-27  07:25:22
Commandline: apt-get install --reinstall lsb-base
Reinstall: lsb-base:amd64 (11.1.0ubuntu2)
End-Date: 2021-08-27  07:25:24

Start-Date: 2021-08-27  07:25:28
Commandline: apt-get install --reinstall mawk
Reinstall: mawk:amd64 (1.3.4.20200120-2)
End-Date: 2021-08-27  07:25:30

Start-Date: 2021-08-27  07:25:34
Commandline: apt-get install --reinstall mount
Reinstall: mount:amd64 (2.34-0.1ubuntu9)
End-Date: 2021-08-27  07:25:35

Start-Date: 2021-08-27  07:25:40
Commandline: apt-get install --reinstall ncurses-base
Reinstall: ncurses-base:amd64 (6.2-0ubuntu2)
End-Date: 2021-08-27  07:25:42

Start-Date: 2021-08-27  07:25:46
Commandline: apt-get install --reinstall ncurses-bin
Reinstall: ncurses-bin:amd64 (6.2-0ubuntu2)
End-Date: 2021-08-27  07:25:48

Start-Date: 2021-08-27  07:25:52
Commandline: apt-get install --reinstall passwd
Reinstall: passwd:amd64 (1:4.8.1-1ubuntu5)
End-Date: 2021-08-27  07:25:55

Start-Date: 2021-08-27  07:25:59
Commandline: apt-get install --reinstall perl-base
Reinstall: perl-base:amd64 (5.30.0-9build1)
End-Date: 2021-08-27  07:26:01

Start-Date: 2021-08-27  07:26:06
Commandline: apt-get install --reinstall procps
Reinstall: procps:amd64 (2:3.3.16-1ubuntu2)
End-Date: 2021-08-27  07:26:08

Start-Date: 2021-08-27  07:26:12
Commandline: apt-get install --reinstall sed
Reinstall: sed:amd64 (4.7-1)
End-Date: 2021-08-27  07:26:14

Start-Date: 2021-08-27  07:26:19
Commandline: apt-get install --reinstall sensible-utils
Reinstall: sensible-utils:amd64 (0.0.12+nmu1)
End-Date: 2021-08-27  07:26:20

Start-Date: 2021-08-27  07:26:24
Commandline: apt-get install --reinstall sysvinit-utils
Reinstall: sysvinit-utils:amd64 (2.96-2.1ubuntu1)
End-Date: 2021-08-27  07:26:26

Start-Date: 2021-08-27  07:26:31
Commandline: apt-get install --reinstall tar
Reinstall: tar:amd64 (1.30+dfsg-7)
End-Date: 2021-08-27  07:26:33

Start-Date: 2021-08-27  07:26:37
Commandline: apt-get install --reinstall ubuntu-keyring
Reinstall: ubuntu-keyring:amd64 (2020.02.11.2)
End-Date: 2021-08-27  07:26:39

Start-Date: 2021-08-27  07:26:44
Commandline: apt-get install --reinstall util-linux
Reinstall: util-linux:amd64 (2.34-0.1ubuntu9)
End-Date: 2021-08-27  07:26:46

Start-Date: 2021-08-27  07:26:50
Commandline: apt-get install --reinstall zlib1g:amd64
Reinstall: zlib1g:amd64 (1:1.2.11.dfsg-2ubuntu1)
End-Date: 2021-08-27  07:26:52

Start-Date: 2021-08-27  07:26:57
Commandline: apt-get --yes -oDebug::pkgDepCache::AutoInstall=yes install ubuntu-keyring
Upgrade: ubuntu-keyring:amd64 (2020.02.11.2, 2020.02.11.4)
End-Date: 2021-08-27  07:26:57

Start-Date: 2021-08-27  07:26:58
Commandline: apt-get --yes -oDebug::pkgDepCache::AutoInstall=yes --force-yes upgrade
Upgrade: libpam0g:amd64 (1.3.1-5ubuntu4, 1.3.1-5ubuntu4.2), fdisk:amd64 (2.34-0.1ubuntu9, 2.34-0.1ubuntu9.1), perl-base:amd64 (5.30.0-9build1, 5.30.0-9ubuntu0.2), libseccomp2:amd64 (2.4.3-1ubuntu1, 2.5.1-1ubuntu1~20.04.1), libfdisk1:amd64 (2.34-0.1ubuntu9, 2.34-0.1ubuntu9.1), libpam-modules:amd64 (1.3.1-5ubuntu4, 1.3.1-5ubuntu4.2), libsystemd0:amd64 (245.4-4ubuntu3, 245.4-4ubuntu3.11), gcc-10-base:amd64 (10-20200411-0ubuntu1, 10.3.0-1ubuntu1~20.04), apt:amd64 (2.0.2, 2.0.6), libmount1:amd64 (2.34-0.1ubuntu9, 2.34-0.1ubuntu9.1), zlib1g:amd64 (1:1.2.11.dfsg-2ubuntu1, 1:1.2.11.dfsg-2ubuntu1.2), libc6:amd64 (2.31-0ubuntu9, 2.31-0ubuntu9.2), util-linux:amd64 (2.34-0.1ubuntu9, 2.34-0.1ubuntu9.1), passwd:amd64 (1:4.8.1-1ubuntu5, 1:4.8.1-1ubuntu5.20.04.1), procps:amd64 (2:3.3.16-1ubuntu2, 2:3.3.16-1ubuntu2.2), libpam-runtime:amd64 (1.3.1-5ubuntu4, 1.3.1-5ubuntu4.2), libprocps8:amd64 (2:3.3.16-1ubuntu2, 2:3.3.16-1ubuntu2.2), libapt-pkg6.0:amd64 (2.0.2, 2.0.6), libudev1:amd64 (245.4-4ubuntu3, 245.4-4ubuntu3.11), mount:amd64 (2.34-0.1ubuntu9, 2.34-0.1ubuntu9.1), libblkid1:amd64 (2.34-0.1ubuntu9, 2.34-0.1ubuntu9.1), libc-bin:amd64 (2.31-0ubuntu9, 2.31-0ubuntu9.2), tar:amd64 (1.30+dfsg-7, 1.30+dfsg-7ubuntu0.20.04.1), libuuid1:amd64 (2.34-0.1ubuntu9, 2.34-0.1ubuntu9.1), liblz4-1:amd64 (1.9.2-2, 1.9.2-2ubuntu0.20.04.1), gpgv:amd64 (2.2.19-3ubuntu2, 2.2.19-3ubuntu2.1), libsmartcols1:amd64 (2.34-0.1ubuntu9, 2.34-0.1ubuntu9.1), login:amd64 (1:4.8.1-1ubuntu5, 1:4.8.1-1ubuntu5.20.04.1), libhogweed5:amd64 (3.5.1+really3.5.1-2, 3.5.1+really3.5.1-2ubuntu0.2), libpam-modules-bin:amd64 (1.3.1-5ubuntu4, 1.3.1-5ubuntu4.2), bsdutils:amd64 (1:2.34-0.1ubuntu9, 1:2.34-0.1ubuntu9.1), libgcc-s1:amd64 (10-20200411-0ubuntu1, 10.3.0-1ubuntu1~20.04), libnettle7:amd64 (3.5.1+really3.5.1-2, 3.5.1+really3.5.1-2ubuntu0.2), bash:amd64 (5.0-6ubuntu1, 5.0-6ubuntu1.1), libgnutls30:amd64 (3.6.13-2ubuntu1, 3.6.13-2ubuntu1.6), libp11-kit0:amd64 (0.23.20-1build1, 0.23.20-1ubuntu0.1), libzstd1:amd64 (1.4.4+dfsg-3, 1.4.4+dfsg-3ubuntu0.1), liblzma5:amd64 (5.2.4-1, 5.2.4-1ubuntu1), libstdc++6:amd64 (10-20200411-0ubuntu1, 10.3.0-1ubuntu1~20.04), base-files:amd64 (11ubuntu5, 11ubuntu5.4)
End-Date: 2021-08-27  07:27:04
